#
# There is insufficient memory for the Java Runtime Environment to continue.
# Native memory allocation (mmap) failed to map 65536 bytes for Failed to commit area from 0x000001f7f0d90000 to 0x000001f7f0da0000 of length 65536.
# Possible reasons:
#   The system is out of physical RAM or swap space
#   The process is running with CompressedOops enabled, and the Java Heap may be blocking the growth of the native heap
# Possible solutions:
#   Reduce memory load on the system
#   Increase physical memory or swap space
#   Check if swap backing store is full
#   Decrease Java heap size (-Xmx/-Xms)
#   Decrease number of Java threads
#   Decrease Java thread stack sizes (-Xss)
#   Set larger code cache with -XX:ReservedCodeCacheSize=
# This output file may be truncated or incomplete.
#
#  Out of Memory Error (./src/hotspot/os/windows/os_windows.cpp:3521), pid=14548, tid=4108
#
# JRE version:  (11.0.12+7) (build )
# Java VM: OpenJDK 64-Bit Server VM (11.0.12+7-b1504.28-7817840, mixed mode, sharing, tiered, compressed oops, g1 gc, windows-amd64)
# No core dump will be written. Minidumps are not enabled by default on client versions of Windows
#

---------------  S U M M A R Y ------------

Command Line: git4idea.http.GitAskPassApp Username for 'https://github.com': 

Host: Intel(R) Core(TM) i5-9300H CPU @ 2.40GHz, 8 cores, 7G,  Windows 10 , 64 bit Build 22621 (10.0.22621.2070)
Time: Thu Aug 10 16:00:41 2023 Türkiye Standart Saati elapsed time: 0.017579 seconds (0d 0h 0m 0s)

---------------  T H R E A D  ---------------

Current thread (0x000001f7d91fc800):  JavaThread "Unknown thread" [_thread_in_vm, id=4108, stack(0x00000037a2f00000,0x00000037a3000000)]

Stack: [0x00000037a2f00000,0x00000037a3000000]
Native frames: (J=compiled Java code, j=interpreted, Vv=VM code, C=native code)
V  [jvm.dll+0x5fbcea]
V  [jvm.dll+0x731905]
V  [jvm.dll+0x732f1d]
V  [jvm.dll+0x7335d3]
V  [jvm.dll+0x247bf8]
V  [jvm.dll+0x5f90b4]
V  [jvm.dll+0x5edc85]
V  [jvm.dll+0x305aeb]
V  [jvm.dll+0x305a5a]
V  [jvm.dll+0x305932]
V  [jvm.dll+0x30a9a5]
V  [jvm.dll+0x353827]
V  [jvm.dll+0x353f06]
V  [jvm.dll+0x353903]
V  [jvm.dll+0x2e0678]
V  [jvm.dll+0x2e1827]
V  [jvm.dll+0x710037]
V  [jvm.dll+0x71182c]
V  [jvm.dll+0x360da9]
V  [jvm.dll+0x6f390e]
V  [jvm.dll+0x3c9723]
V  [jvm.dll+0x3cb9b1]
C  [jli.dll+0x536b]
C  [ucrtbase.dll+0x29363]
C  [KERNEL32.DLL+0x126ad]
C  [ntdll.dll+0x5aa68]


---------------  P R O C E S S  ---------------

Threads class SMR info:
_java_thread_list=0x000001f7d912a440, length=0, elements={
}

Java Threads: ( => current thread )

Other Threads:
  0x000001f7db375800 GCTaskThread "GC Thread#0" [stack: 0x00000037a3000000,0x00000037a3100000] [id=10716]
  0x000001f7db3a8800 ConcurrentGCThread "G1 Main Marker" [stack: 0x00000037a3100000,0x00000037a3200000] [id=6716]
  0x000001f7db3aa800 ConcurrentGCThread "G1 Conc#0" [stack: 0x00000037a3200000,0x00000037a3300000] [id=2848]

[error occurred during error reporting (printing all threads), id 0xc0000005, EXCEPTION_ACCESS_VIOLATION (0xc0000005) at pc=0x00007ffd8f790be7]

VM state:not at safepoint (not fully initialized)

VM Mutex/Monitor currently owned by a thread:  ([mutex/lock_event])
[0x000001f7db360ae0] Heap_lock - owner thread: 0x000001f7d91fc800

Heap address: 0x0000000083000000, size: 2000 MB, Compressed Oops mode: Non-zero based: 0x0000000083000000
Narrow klass base: 0x0000000000000000, Narrow klass shift: 0

GC Heap History (0 events):
No events

Deoptimization events (0 events):
No events

Classes redefined (0 events):
No events

Internal exceptions (0 events):
No events

Events (1 events):
Event: 0.012 Loaded shared library C:\Program Files\Android\Android Studio\jre\bin\zip.dll


Dynamic libraries:
0x00007ff61d860000 - 0x00007ff61d86a000 	C:\Program Files\Android\Android Studio\jre\bin\java.exe
0x00007ffdd45f0000 - 0x00007ffdd4804000 	C:\WINDOWS\SYSTEM32\ntdll.dll
0x00007ffdd39a0000 - 0x00007ffdd3a64000 	C:\WINDOWS\System32\KERNEL32.DLL
0x00007ffdd1c80000 - 0x00007ffdd2024000 	C:\WINDOWS\System32\KERNELBASE.dll
0x00007ffdd2030000 - 0x00007ffdd2141000 	C:\WINDOWS\System32\ucrtbase.dll
0x00007ffdc2660000 - 0x00007ffdc2679000 	C:\Program Files\Android\Android Studio\jre\bin\jli.dll
0x00007ffdc2580000 - 0x00007ffdc2597000 	C:\Program Files\Android\Android Studio\jre\bin\VCRUNTIME140.dll
0x00007ffdd3d70000 - 0x00007ffdd3f1a000 	C:\WINDOWS\System32\USER32.dll
0x00007ffdb6750000 - 0x00007ffdb69df000 	C:\WINDOWS\WinSxS\amd64_microsoft.windows.common-controls_6595b64144ccf1df_6.0.22621.2070_none_2713e6537381f706\COMCTL32.dll
0x00007ffdd1a40000 - 0x00007ffdd1a66000 	C:\WINDOWS\System32\win32u.dll
0x00007ffdd4080000 - 0x00007ffdd4127000 	C:\WINDOWS\System32\msvcrt.dll
0x00007ffdd29c0000 - 0x00007ffdd29e9000 	C:\WINDOWS\System32\GDI32.dll
0x00007ffdd21d0000 - 0x00007ffdd22e9000 	C:\WINDOWS\System32\gdi32full.dll
0x00007ffdd1a70000 - 0x00007ffdd1b0a000 	C:\WINDOWS\System32\msvcp_win.dll
0x00007ffdd29f0000 - 0x00007ffdd2a21000 	C:\WINDOWS\System32\IMM32.DLL
0x00007ffdb7ce0000 - 0x00007ffdb7d7d000 	C:\Program Files\Android\Android Studio\jre\bin\msvcp140.dll
0x00007ffd8f4a0000 - 0x00007ffd8ff85000 	C:\Program Files\Android\Android Studio\jre\bin\server\jvm.dll
0x00007ffdd23c0000 - 0x00007ffdd2470000 	C:\WINDOWS\System32\ADVAPI32.dll
0x00007ffdd3a70000 - 0x00007ffdd3b16000 	C:\WINDOWS\System32\sechost.dll
0x00007ffdd3400000 - 0x00007ffdd3517000 	C:\WINDOWS\System32\RPCRT4.dll
0x00007ffdd2520000 - 0x00007ffdd2528000 	C:\WINDOWS\System32\PSAPI.DLL
0x00007ffdcc610000 - 0x00007ffdcc619000 	C:\WINDOWS\SYSTEM32\WSOCK32.dll
0x00007ffdcadd0000 - 0x00007ffdcae04000 	C:\WINDOWS\SYSTEM32\WINMM.dll
0x00007ffdc31b0000 - 0x00007ffdc31ba000 	C:\WINDOWS\SYSTEM32\VERSION.dll
0x00007ffdd3750000 - 0x00007ffdd37c1000 	C:\WINDOWS\System32\WS2_32.dll
0x00007ffdd0ac0000 - 0x00007ffdd0ad8000 	C:\WINDOWS\SYSTEM32\kernel.appcore.dll
0x00007ffdcc5f0000 - 0x00007ffdcc601000 	C:\Program Files\Android\Android Studio\jre\bin\verify.dll
0x00007ffdc29d0000 - 0x00007ffdc2bfe000 	C:\WINDOWS\SYSTEM32\DBGHELP.DLL
0x00007ffdd2630000 - 0x00007ffdd29ba000 	C:\WINDOWS\System32\combase.dll
0x00007ffdd38b0000 - 0x00007ffdd3987000 	C:\WINDOWS\System32\OLEAUT32.dll
0x00007ffdc2980000 - 0x00007ffdc29b2000 	C:\WINDOWS\SYSTEM32\dbgcore.DLL
0x00007ffdd2150000 - 0x00007ffdd21ca000 	C:\WINDOWS\System32\bcryptPrimitives.dll
0x00007ffdcbaf0000 - 0x00007ffdcbb19000 	C:\Program Files\Android\Android Studio\jre\bin\java.dll
0x00007ffdcc4b0000 - 0x00007ffdcc4bb000 	C:\Program Files\Android\Android Studio\jre\bin\jimage.dll
0x00007ffdcbe30000 - 0x00007ffdcbe48000 	C:\Program Files\Android\Android Studio\jre\bin\zip.dll

dbghelp: loaded successfully - version: 4.0.5 - missing functions: none
symbol engine: initialized successfully - sym options: 0x614 - pdb path: .;C:\Program Files\Android\Android Studio\jre\bin;C:\WINDOWS\SYSTEM32;C:\WINDOWS\WinSxS\amd64_microsoft.windows.common-controls_6595b64144ccf1df_6.0.22621.2070_none_2713e6537381f706;C:\Program Files\Android\Android Studio\jre\bin\server

VM Arguments:
java_command: git4idea.http.GitAskPassApp Username for 'https://github.com': 
java_class_path (initial): C:/Program Files/Android/Android Studio/plugins/git4idea/lib/git4idea-rt.jar;C:/Program Files/Android/Android Studio/lib/xmlrpc-2.0.1.jar;C:/Program Files/Android/Android Studio/lib/commons-codec-1.15.jar
Launcher Type: SUN_STANDARD

[Global flags]
     intx CICompilerCount                          = 4                                         {product} {ergonomic}
     uint ConcGCThreads                            = 2                                         {product} {ergonomic}
     uint G1ConcRefinementThreads                  = 8                                         {product} {ergonomic}
   size_t G1HeapRegionSize                         = 1048576                                   {product} {ergonomic}
    uintx GCDrainStackTargetSize                   = 64                                        {product} {ergonomic}
   size_t InitialHeapSize                          = 132120576                                 {product} {ergonomic}
   size_t MarkStackSize                            = 4194304                                   {product} {ergonomic}
   size_t MaxHeapSize                              = 2097152000                                {product} {ergonomic}
   size_t MinHeapDeltaBytes                        = 1048576                                   {product} {ergonomic}
    uintx NonNMethodCodeHeapSize                   = 5836300                                {pd product} {ergonomic}
    uintx NonProfiledCodeHeapSize                  = 122910970                              {pd product} {ergonomic}
    uintx ProfiledCodeHeapSize                     = 122910970                              {pd product} {ergonomic}
    uintx ReservedCodeCacheSize                    = 251658240                              {pd product} {ergonomic}
     bool SegmentedCodeCache                       = true                                      {product} {ergonomic}
     bool UseCompressedClassPointers               = true                                 {lp64_product} {ergonomic}
     bool UseCompressedOops                        = true                                 {lp64_product} {ergonomic}
     bool UseG1GC                                  = true                                      {product} {ergonomic}
     bool UseLargePagesIndividualAllocation        = false                                  {pd product} {ergonomic}

Logging:
Log output configuration:
 #0: stdout all=warning uptime,level,tags
 #1: stderr all=off uptime,level,tags

Environment Variables:
JAVA_HOME=C:\Program Files\Java\jdk1.8.0_202
PATH=C:\Program Files\Git\mingw64\libexec\git-core;C:\Program Files\Git\mingw64\libexec\git-core;C:\Program Files\Git\mingw64\bin;C:\Program Files\Git\usr\bin;C:\Users\Mehmet emin\bin;C:\Program Files (x86)\Common Files\Oracle\Java\javapath;C:\Program Files\Common Files\Oracle\Java\javapath;C:\ProgramData\Oracle\Java\javapath;C:\texlive\2000\bin\win32;C:\Windows\system32;C:\Windows;C:\Windows\System32\Wbem;C:\Windows\System32\WindowsPowerShell\v1.0;C:\Windows\System32\OpenSSH;C:\Program Files (x86)\NVIDIA Corporation\PhysX\Common;C:\Program Files\dotnet;C:\Program Files\Microsoft SQL Server\130\Tools\Binn;C:\Program Files\Microsoft SQL Server\Client SDK\ODBC\170\Tools\Binn;C:\Program Files\Git\cmd;C:\WINDOWS\system32;C:\WINDOWS;C:\WINDOWS\System32\Wbem;C:\WINDOWS\System32\WindowsPowerShell\v1.0;C:\WINDOWS\System32\OpenSSH;C:\Program Files\Cloudflare\Cloudflare WARP;C:\Program Files\Java\jdk1.8.0_202\bin;C:\Program Files\NVIDIA Corporation\NVIDIA NvDLISR;C:\Users\Mehmet emin\AppData\Local\Programs\Python\Python310\Scripts;C:\Users\Mehmet emin\AppData\Local\Programs\Python\Python310;C:\Program Files\MySQL\MySQL Shell 8.0\bin;C:\Users\Mehmet emin\AppData\Local\Microsoft\WindowsApps;C:\Users\Mehmet emin\.dotnet\tools;C:\Users\Mehmet emin\AppData\Local\Programs\Microsoft VS Code\bin;C:\Users\Mehmet emin\AppData\Local\GitHubDesktop\bin;C:\src\flutter\bin;C:\Program Files\Java\jdk1.8.0_202\bin
USERNAME=Mehmet emin
DISPLAY=:0.0
LC_ALL=en_US.UTF-8
OS=Windows_NT
PROCESSOR_IDENTIFIER=Intel64 Family 6 Model 158 Stepping 10, GenuineIntel



---------------  S Y S T E M  ---------------

OS: Windows 10 , 64 bit Build 22621 (10.0.22621.2070)
OS uptime: 1 days 1:38 hours
Hyper-V role detected

CPU:total 8 (initial active 8) (4 cores per cpu, 2 threads per core) family 6 model 158 stepping 10 microcode 0xde, cmov, cx8, fxsr, mmx, sse, sse2, sse3, ssse3, sse4.1, sse4.2, popcnt, avx, avx2, aes, clmul, erms, 3dnowpref, lzcnt, ht, tsc, tscinvbit, bmi1, bmi2, adx, fma

Memory: 4k page, system-wide physical 7992M (312M free)
TotalPageFile size 12088M (AvailPageFile size 3M)
current process WorkingSet (physical memory assigned to process): 13M, peak: 13M
current process commit charge ("private bytes"): 189M, peak: 189M

vm_info: OpenJDK 64-Bit Server VM (11.0.12+7-b1504.28-7817840) for windows-amd64 JRE (11.0.12+7-b1504.28-7817840), built on Oct 13 2021 22:12:33 by "builder" with MS VC++ 14.0 (VS2015)

END.
